"[INFO ] 2022-08-29 19:30:50 [main] CareTeamMemberProcessor - Immunization parsing Start time:1661815850371
">"[INFO ] 2022-08-29 19:30:50 [main] CareTeamMemberProcessor - Immunization parsing Start time:1661815850371
">"[INFO ] 2022-08-29 19:30:50 [main] CareTeamMemberProcessor - Immunization parsing End time:288
">"[INFO ] 2022-08-29 19:30:50 [main] CareTeamMemberProcessor - Immunization parsing End time:288
">"[INFO ] 2022-08-29 19:30:51 [SimpleAsyncTaskExecutor-1] MedicalEquipmentProcessor - medical equipment parsing Start time:1661815851602
">"[INFO ] 2022-08-29 19:30:51 [SimpleAsyncTaskExecutor-1] MedicalEquipmentProcessor - medical equipment parsing Start time:1661815851602
">"[INFO ] 2022-08-29 19:30:51 [SimpleAsyncTaskExecutor-1] MedicalEquipmentProcessor - medical equipment parsing End time:157
">"[INFO ] 2022-08-29 19:30:51 [SimpleAsyncTaskExecutor-1] MedicalEquipmentProcessor - medical equipment parsing End time:157
">"[INFO ] 2022-08-29 19:30:51 [main] CareTeamMemberProcessor - care team members parsing Start time:1661815851796
">"[INFO ] 2022-08-29 19:30:51 [main] CareTeamMemberProcessor - care team members parsing Start time:1661815851796
">"[INFO ] 2022-08-29 19:30:51 [main] CareTeamMemberProcessor - care team members parsing End time:33
">"[INFO ] 2022-08-29 19:30:51 [main] CareTeamMemberProcessor - care team members parsing End time:33
">"[INFO ] 2022-08-29 19:30:51 [main] PatientProcessor - Patient parsing Start time:1661815851845
">"[INFO ] 2022-08-29 19:30:51 [main] PatientProcessor - Patient parsing Start time:1661815851845
">"[INFO ] 2022-08-29 19:30:51 [main] PatientProcessor - Patient parsing End time:48
">"[INFO ] 2022-08-29 19:30:51 [main] PatientProcessor - Patient parsing End time:48
">"[INFO ] 2022-08-29 19:30:51 [main] FamilyHistoryProcessor - Family History parsing Start time:1661815851908
">"[INFO ] 2022-08-29 19:30:51 [main] FamilyHistoryProcessor - Family History parsing Start time:1661815851908
">"[INFO ] 2022-08-29 19:30:52 [main] FamilyHistoryProcessor - Family History parsing End time:110
">"[INFO ] 2022-08-29 19:30:52 [main] FamilyHistoryProcessor - Family History parsing End time:110
">"[INFO ] 2022-08-29 19:30:52 [main] CareTeamMemberProcessor - Health concern parsing Start time:1661815852041
">"[INFO ] 2022-08-29 19:30:52 [main] CareTeamMemberProcessor - Health concern parsing Start time:1661815852041
">"[INFO ] 2022-08-29 19:30:52 [main] CareTeamMemberProcessor - Health concern parsing End time:22
">"[INFO ] 2022-08-29 19:30:52 [main] CareTeamMemberProcessor - Health concern parsing End time:22
">"[INFO ] 2022-08-29 19:30:52 [main] LaboratoryResultsProcessor - lab results parsing Start time:1661815852078
">"[INFO ] 2022-08-29 19:30:52 [main] LaboratoryResultsProcessor - lab results parsing Start time:1661815852078
">"[INFO ] 2022-08-29 19:30:52 [main] LaboratoryResultsProcessor - lab results parsing End time:187
">"[INFO ] 2022-08-29 19:30:52 [main] LaboratoryResultsProcessor - lab results parsing End time:187
">"[INFO ] 2022-08-29 19:30:52 [main] MedicationProcessor - Medications parsing Start time:1661815852283
">"[INFO ] 2022-08-29 19:30:52 [main] MedicationProcessor - Medications parsing Start time:1661815852283
">"[INFO ] 2022-08-29 19:30:52 [main] MedicationProcessor - Medications parsing End time:90
">"[INFO ] 2022-08-29 19:30:52 [main] MedicationProcessor - Medications parsing End time:90
">"[INFO ] 2022-08-29 19:30:52 [main] GoalsProcessor - Goals parsing Start time:1661815852389
">"[INFO ] 2022-08-29 19:30:52 [main] GoalsProcessor - Goals parsing Start time:1661815852389
">"[INFO ] 2022-08-29 19:30:52 [main] GoalsProcessor - Goals parsing End time:9
">"[INFO ] 2022-08-29 19:30:52 [main] GoalsProcessor - Goals parsing End time:9
">"[INFO ] 2022-08-29 19:30:52 [main] AdvanceDirectiveProcesser - Advance Directive parsing Start time:1661815852404
">"[INFO ] 2022-08-29 19:30:52 [main] AdvanceDirectiveProcesser - Advance Directive parsing Start time:1661815852404
">"[INFO ] 2022-08-29 19:30:52 [main] AdvanceDirectiveProcesser - Advance Directive parsing End time:49
">"[INFO ] 2022-08-29 19:30:52 [main] AdvanceDirectiveProcesser - Advance Directive parsing End time:49
">"[INFO ] 2022-08-29 19:30:52 [main] ProblemProcessor - Problems parsing Start time:1661815852504
">"[INFO ] 2022-08-29 19:30:52 [main] ProblemProcessor - Problems parsing Start time:1661815852504
">"[INFO ] 2022-08-29 19:30:52 [main] ProblemProcessor - Problems parsing End time:170
">"[INFO ] 2022-08-29 19:30:52 [main] ProblemProcessor - Problems parsing End time:170
">"[INFO ] 2022-08-29 19:30:52 [main] SmokingStatusProcessor - Smoking status parsing Start time:1661815852680
">"[INFO ] 2022-08-29 19:30:52 [main] SmokingStatusProcessor - Smoking status parsing Start time:1661815852680
">"[INFO ] 2022-08-29 19:30:52 [main] SmokingStatusProcessor - Smoking status parsing End time:35
">"[INFO ] 2022-08-29 19:30:52 [main] SmokingStatusProcessor - Smoking status parsing End time:35
">"[INFO ] 2022-08-29 19:30:52 [main] VitalSignProcessor - Vitals parsing Start time:1661815852721
">"[INFO ] 2022-08-29 19:30:52 [main] VitalSignProcessor - Vitals parsing Start time:1661815852721
">"[INFO ] 2022-08-29 19:30:52 [main] VitalSignProcessor - Vitals parsing End time:73
">"[INFO ] 2022-08-29 19:30:52 [main] VitalSignProcessor - Vitals parsing End time:73
">"[INFO ] 2022-08-29 19:30:52 [main] ProcedureProcessor - Procedure parsing Start time:1661815852804
">"[INFO ] 2022-08-29 19:30:52 [main] ProcedureProcessor - Procedure parsing Start time:1661815852804
">"[INFO ] 2022-08-29 19:30:52 [main] ProcedureProcessor - Procedure parsing End time:109
">"[INFO ] 2022-08-29 19:30:52 [main] ProcedureProcessor - Procedure parsing End time:109
">"[INFO ] 2022-08-29 19:30:52 [main] EncounterDiagnosesProcessor - encounter parsing Start time:1661815852921
">"[INFO ] 2022-08-29 19:30:52 [main] EncounterDiagnosesProcessor - encounter parsing Start time:1661815852921
">"[INFO ] 2022-08-29 19:30:52 [main] EncounterDiagnosesProcessor - encounter parsing End time:35
">"[INFO ] 2022-08-29 19:30:52 [main] EncounterDiagnosesProcessor - encounter parsing End time:35
">"[INFO ] 2022-08-29 19:30:52 [main] ProcedureProcessor - Procedure parsing Start time:1661815852966
">"[INFO ] 2022-08-29 19:30:52 [main] ProcedureProcessor - Procedure parsing Start time:1661815852966
">"[INFO ] 2022-08-29 19:30:53 [main] ProcedureProcessor - Procedure parsing End time:99
">"[INFO ] 2022-08-29 19:30:53 [main] ProcedureProcessor - Procedure parsing End time:99
">